[00:03:37] [Server thread/WARN]: Can't keep up! Is the server overloaded? Running 4135ms or 82 ticks behind
[00:09:36] [Server thread/WARN]: Rejecting UseItemOnPacket from angryFish: Location (-1165.7203763723373, 137.125, -2264.765227019787) too far away from hit block class_2338{x=-1166, y=138, z=-2265}.
[00:14:22] [Server thread/WARN]: Can't keep up! Is the server overloaded? Running 6394ms or 127 ticks behind
[00:14:22] [Server thread/WARN]: angryFish moved too quickly! 13.385225628413536,-8.18114923694759,7.516724798166251
[00:14:25] [Server thread/WARN]: angryFish moved too quickly! 13.167454389291379,-4.655095959195933,12.407185431358812
[00:14:29] [Server thread/WARN]: angryFish moved too quickly! 11.329126827446089,-1.959547722858872,13.275531812098052
[00:14:38] [Server thread/WARN]: angryFish moved too quickly! 11.843962943779843,-2.7075099899887505,13.947996014128876
[00:35:12] [Server thread/INFO]: Steve123 logged in with entity id 241230 at (-1167.3303207924992, 71.0, 930.8142831370164)
[00:35:12] [Server thread/INFO]: Steve123 joined the game
[00:36:12] [Server thread/INFO]: Steve123 lost connection: §cAuthentication time has expired.
[00:36:12] [Server thread/INFO]: Steve123 left the game
[00:36:12] [Server thread/INFO]: [voicechat] Disconnecting client Steve123
[00:39:21] [Server thread/WARN]: Can't keep up! Is the server overloaded? Running 2705ms or 54 ticks behind
[00:40:52] [Server thread/INFO]: Steve123 logged in with entity id 244040 at (-1167.5, 71.0, 930.5)
[00:40:52] [Server thread/INFO]: Steve123 joined the game
[00:42:15] [Server thread/INFO]: [Not Secure] <Steve123> guh
[00:44:07] [Server thread/WARN]: Steve123 moved too quickly! -17.64388034466424,-0.3958962812476585,1.3828733194379765
[00:44:07] [Server thread/WARN]: angryFish moved too quickly! -1.387084140758816,-3.4604248458576308,-17.480933848728455
[00:44:07] [Server thread/WARN]: Can't keep up! Is the server overloaded? Running 5729ms or 114 ticks behind
[00:47:59] [Server thread/WARN]: angryFish moved too quickly! -15.771568717515038,1.0025535544940425,7.348978676844126
[00:48:32] [Server thread/WARN]: Can't keep up! Is the server overloaded? Running 4128ms or 82 ticks behind
[00:49:56] [Server thread/WARN]: angryFish moved too quickly! 16.56850922896774,-0.4518331062044467,-5.910465499840939
[00:49:59] [Server thread/WARN]: angryFish moved too quickly! 17.261991998910162,-1.2153243520682082,-6.005580620239925
[00:50:04] [Server thread/WARN]: angryFish moved too quickly! 17.283361043817422,-1.8786579732093003,-4.736897330316424
[00:50:09] [Server thread/WARN]: angryFish moved too quickly! 9.774088820679026,-3.317229182753479,-15.474924656977237
[00:50:15] [Server thread/WARN]: angryFish moved too quickly! 6.7150586657407985,-1.8936744504854914,-17.254681359067035
[00:50:18] [Server thread/WARN]: angryFish moved too quickly! 3.174335792373313,-2.0782793939087725,-18.024504408098437
[00:52:01] [Server thread/WARN]: Steve123 moved too quickly! 12.57686290717993,12.489107885356631,-1.1037080948875655
[00:54:33] [Server thread/WARN]: Steve123 moved too quickly! 17.28034588905426,4.392691255709309,-3.4080052858483896
[00:55:15] [Server thread/WARN]: Steve123 moved too quickly! 17.434862566903575,3.709306872480809,-3.438478946270152
[00:55:55] [Server thread/WARN]: angryFish moved too quickly! 10.927837846855255,-2.498951325443514,14.533203230123036
[00:56:58] [Server thread/INFO]: melon_Mask logged in with entity id 264561 at (40787.45128981902, 78.0, 985.5021295195)
[00:56:58] [Server thread/INFO]: melon_Mask joined the game
[00:57:04] [Server thread/WARN]: Can't keep up! Is the server overloaded? Running 3980ms or 79 ticks behind
[00:57:41] [Server thread/WARN]: angryFish moved too quickly! -10.931538849357821,2.5322724389943403,-13.950796680008352
[00:57:41] [Server thread/WARN]: Can't keep up! Is the server overloaded? Running 2106ms or 42 ticks behind
[00:59:22] [Server thread/WARN]: melon_Mask moved too quickly! -9.976708668858919,-2.818730000861649,1.0549488038410573
[00:59:27] [Server thread/WARN]: melon_Mask moved too quickly! -9.8703458270611,-1.0554624345250403,2.45071950363581
[00:59:27] [Server thread/WARN]: Can't keep up! Is the server overloaded? Running 3888ms or 77 ticks behind
[01:07:14] [Server thread/WARN]: Rejecting UseItemOnPacket from angryFish: Location (-9358.298065125942, 132.125, -18120.695713818073) too far away from hit block class_2338{x=-9359, y=133, z=-18121}.
[01:07:55] [Server thread/WARN]: angryFish moved too quickly! 9.590676769503261,-1.8323855414322736,15.165114981678926
[01:19:02] [Server thread/WARN]: Can't keep up! Is the server overloaded? Running 2055ms or 41 ticks behind
[01:42:25] [Server thread/INFO]: melon_Mask has completed the challenge [Serious Dedication]
[01:42:38] [Server thread/INFO]: [Not Secure] <Steve123> so real man
[01:42:52] [Server thread/INFO]: [Not Secure] <melon_Mask> it would have been lonely
[01:42:58] [Server thread/INFO]: [Not Secure] <Steve123> true
[01:43:34] [Server thread/INFO]: [Not Secure] <melon_Mask> yo steve do you have access to any good enchant villagers??
[01:43:43] [Server thread/INFO]: [Not Secure] <Steve123> nope
[01:43:46] [Server thread/INFO]: [Not Secure] <melon_Mask> damn
[01:43:49] [Server thread/INFO]: [Not Secure] <melon_Mask> do yk anyone who does
[01:43:56] [Server thread/INFO]: [Not Secure] <Steve123> uhhhhhh
[01:44:17] [Server thread/INFO]: [Not Secure] <Steve123> probably everyone exept us two and those you live with
[01:44:23] [Server thread/INFO]: [Not Secure] <melon_Mask> yeah fair
[01:44:26] [Server thread/INFO]: [Not Secure] <melon_Mask> i'll ask alex if she does
[01:44:37] [Server thread/INFO]: [Not Secure] <Steve123> yeah they do, i have no idea where though
[01:50:15] [Server thread/INFO]: melon_Mask lost connection: Disconnected
[01:50:15] [Server thread/INFO]: melon_Mask left the game
[01:50:15] [Server thread/INFO]: [voicechat] Disconnecting client melon_Mask
[01:59:59] [Server thread/INFO]: angryFish lost connection: Disconnected
[01:59:59] [Server thread/INFO]: angryFish left the game
[01:59:59] [Server thread/INFO]: [voicechat] Disconnecting client angryFish
[02:40:17] [Server thread/WARN]: Can't keep up! Is the server overloaded? Running 3113ms or 62 ticks behind
[02:40:17] [Server thread/WARN]: Steve123 moved too quickly! -17.00548826199281,-2.6975404593518704,3.784472693940984
[02:43:52] [Server thread/WARN]: Can't keep up! Is the server overloaded? Running 2332ms or 46 ticks behind
[02:48:39] [Server thread/WARN]: Can't keep up! Is the server overloaded? Running 2500ms or 50 ticks behind
[02:49:59] [Server thread/WARN]: Can't keep up! Is the server overloaded? Running 2821ms or 56 ticks behind
[03:29:01] [Server thread/INFO]: Steve123 lost connection: Disconnected
[03:29:01] [Server thread/INFO]: Steve123 left the game
[03:29:01] [Server thread/INFO]: [voicechat] Disconnecting client Steve123
[03:30:01] [Server thread/INFO]: Server empty for 60 seconds, pausing
[09:48:11] [Server thread/INFO]: Alex321 logged in with entity id 323429 at (-1631.8514539429907, 72.99397133401021, 868.5)
[09:48:12] [Server thread/INFO]: Alex321 joined the game
[09:48:13] [Server thread/INFO]: [voicechat] Received secret request of Alex321 (20)
[09:48:13] [Server thread/INFO]: [voicechat] Sent secret to Alex321
[09:48:13] [VoiceChatPacketProcessingThread/INFO]: [voicechat] Successfully authenticated player Alex321
[09:48:13] [Server thread/WARN]: Can't keep up! Is the server overloaded? Running 2011ms or 40 ticks behind
[09:48:14] [VoiceChatPacketProcessingThread/INFO]: [voicechat] Successfully validated connection of player Alex321
[09:48:14] [VoiceChatPacketProcessingThread/INFO]: [voicechat] Player Alex321 successfully connected to voice chat
[09:48:31] [Server thread/WARN]: Can't keep up! Is the server overloaded? Running 2849ms or 56 ticks behind
[09:52:56] [Server thread/WARN]: Can't keep up! Is the server overloaded? Running 2012ms or 40 ticks behind
[09:54:30] [Server thread/WARN]: Can't keep up! Is the server overloaded? Running 2045ms or 40 ticks behind
[09:54:48] [Server thread/WARN]: Can't keep up! Is the server overloaded? Running 2130ms or 42 ticks behind
[10:24:04] [Server thread/INFO]: Alex321 lost connection: Disconnected
[10:24:04] [Server thread/INFO]: Alex321 left the game
